Arguments: 
  /Users/user/.nvm/versions/node/v16.16.0/bin/node /Users/user/.nvm/versions/node/v16.16.0/bin/yarn

PATH: 
  /Users/user/.nvm/versions/node/v16.16.0/bin:/Users/user/.cargo/bin:/Users/user/.local/bin:/opt/homebrew/bin:/usr/local/bin:/System/Cryptexes/App/usr/bin:/usr/bin:/bin:/usr/sbin:/sbin:/usr/local/go/bin:/Applications/Wireshark.app/Contents/MacOS

Yarn version: 
  1.22.19

Node version: 
  16.16.0

Platform: 
  darwin arm64

Trace: 
  Error: connect ECONNREFUSED 104.16.23.35:443
      at TCPConnectWrap.afterConnect [as oncomplete] (node:net:1187:16)

npm manifest: 
  {
    "name": "thor",
    "version": "1.0.0",
    "description": "Thor is WebSocket benchmark utility",
    "main": "index.js",
    "scripts": {
      "test": "echo \"Error: no test specified\" && exit 1"
    },
    "repository": {
      "type": "git",
      "url": "https://github.com/observing/thor.git"
    },
    "keywords": [
      "WebSocket",
      "benchmark",
      "load"
    ],
    "author": "Arnout Kazemier <opensource@observe.it>",
    "license": "MIT",
    "dependencies": {
      "async": "0.2.x",
      "colors": "0.6.x",
      "commander": "1.1.x",
      "fast-stats": "0.0.3",
      "sugar": "1.3.8",
      "tab": "0.1.x",
      "ws": "^1.1.1"
    },
    "bin": {
      "thor": "./bin/thor"
    }
  }

yarn manifest: 
  No manifest

Lockfile: 
  No lockfile
